Info: [VCS_SAVE_RESTORE_INFO] ASLR (Address Space Layout Randomization) is detected on the machine. To enable $save functionality, ASLR will be switched off and simv re-executed.
Please use '-no_save' simv switch to avoid this.
Information: License queuing is enabled. (DCSH-18)

                           Design Compiler Graphical 
                                 DC Ultra (TM)
                                  DFTMAX (TM)
                              Power Compiler (TM)
                                 DesignWare (R)
                                 DC Expert (TM)
                               Design Vision (TM)
                               HDL Compiler (TM)
                               VHDL Compiler (TM)
                                  DFT Compiler
                               Design Compiler(R)

                 Version W-2024.09 for linux64 - Aug 27, 2024 

                    Copyright (c) 1988 - 2024 Synopsys, Inc.
   This software and the associated documentation are proprietary to Synopsys,
 Inc. This software may only be used in accordance with the terms and conditions
 of a written license agreement with Synopsys, Inc. All other use, reproduction,
   or distribution of this software is strictly prohibited.  Licensed Products
     communicate with Synopsys servers for the purpose of providing software
    updates, detecting software piracy and verifying that customers are using
    Licensed Products in conformity with the applicable License Key for such
  Licensed Products. Synopsys will use information gathered in connection with
    this process to deliver software updates and pursue software pirates and
                                   infringers.

 Inclusivity & Diversity - Visit SolvNetPlus to read the "Synopsys Statement on
            Inclusivity and Diversity" (Refer to article 000036315 at
                        https://solvnetplus.synopsys.com)
Initializing...
Current time:       Thu Apr 24 17:03:31 2025
Hostname:           linux-ssh-08.ews.illinois.edu
CPU Model:          Intel(R) Xeon(R) Silver 4216 CPU @ 2.10GHz
CPU Details:        Cores = 12 : Sockets = 23 : Cache Size = 22528 KB : Freq = 2.10 GHz
OS:                 Linux 4.18.0-553.50.1.el8_10.x86_64
RAM:                 23 GB (Free   1 GB)
Swap:                 7 GB (Free   7 GB)
Work Filesystem:    /home/krysiuk2 mounted to ews-homes-inst-prod.engrit.illinois.edu:/ewshomes/fspool-k/krysiuk2/linux
Tmp Filesystem:     /tmp mounted to /dev/mapper/linux_ssh_08_sys-tmp
Work Disk:           25 GB (Free  22 GB)
Tmp Disk:            31 GB (Free  30 GB)

CPU Load: 10590%, Ram Free: 1 GB, Swap Free: 7 GB, Work Disk Free: 22 GB, Tmp Disk Free: 30 GB
source dc_warn.tcl
if {[getenv ECE411_MIN_POWER] eq "1"} {
   set power_enable_minpower true
}
set hdlin_ff_always_sync_set_reset true
true
set hdlin_ff_always_async_set_reset true
true
set hdlin_infer_multibit default_all
default_all
set hdlin_check_no_latch true
true
set hdlin_while_loop_iterations 2000000000
2000000000
set_host_options -max_cores [getenv ECE411_DC_CORES]
1
set_app_var report_default_significant_digits 6
6
set design_toplevel [getenv DESIGN_TOP]
cpu
define_design_lib WORK -path ./work
1
set alib_library_analysis_path [getenv STD_CELL_ALIB]
/class/ece411/freepdk-45nm/alib
set symbol_library [list generic.sdb]
generic.sdb
set synthetic_library [list dw_foundation.sldb]
dw_foundation.sldb
set target_library [getenv STD_CELL_LIB]
/class/ece411/freepdk-45nm/stdcells.db
set sram_library [getenv SRAM_LIB]
/home/krysiuk2/test/20/sp25_ece411_Team_9/mp_ooo/synth/../sram/output/mp_cache_data_array/mp_cache_data_array_TT_1p0V_25C_lib.db /home/krysiuk2/test/20/sp25_ece411_Team_9/mp_ooo/synth/../sram/output/mp_cache_tag_array/mp_cache_tag_array_TT_1p0V_25C_lib.db
if {$sram_library eq ""} {
   set link_library [list "*" $target_library $synthetic_library]
} else {
   set link_library [list "*" $target_library $synthetic_library $sram_library]
}
* /class/ece411/freepdk-45nm/stdcells.db dw_foundation.sldb {/home/krysiuk2/test/20/sp25_ece411_Team_9/mp_ooo/synth/../sram/output/mp_cache_data_array/mp_cache_data_array_TT_1p0V_25C_lib.db /home/krysiuk2/test/20/sp25_ece411_Team_9/mp_ooo/synth/../sram/output/mp_cache_tag_array/mp_cache_tag_array_TT_1p0V_25C_lib.db}
get_license DC-Ultra-Features
1
get_license DC-Ultra-Opt
1
set pkg_src [getenv PKG_SRCS]
/home/krysiuk2/test/20/sp25_ece411_Team_9/mp_ooo/synth/../pkg/types.sv
if {$pkg_src ne ""} {
   analyze -library WORK -format sverilog $pkg_src
}
Running PRESTO HDLC
Compiling source file /home/krysiuk2/test/20/sp25_ece411_Team_9/mp_ooo/synth/../pkg/types.sv
Presto compilation completed successfully.
Loading db file '/class/ece411/freepdk-45nm/stdcells.db'
Loading db file '/software/Synopsys-2024_x86_64/syn/W-2024.09/libraries/syn/dw_foundation.sldb'
1
set modules [split [getenv HDL_SRCS] " "]
/home/krysiuk2/test/20/sp25_ece411_Team_9/mp_ooo/synth/../hdl/writeback_stage.sv /home/krysiuk2/test/20/sp25_ece411_Team_9/mp_ooo/synth/../hdl/sp_ff_array.sv /home/krysiuk2/test/20/sp25_ece411_Team_9/mp_ooo/synth/../hdl/register.sv /home/krysiuk2/test/20/sp25_ece411_Team_9/mp_ooo/synth/../hdl/cache.sv /home/krysiuk2/test/20/sp25_ece411_Team_9/mp_ooo/synth/../hdl/writeback.sv /home/krysiuk2/test/20/sp25_ece411_Team_9/mp_ooo/synth/../hdl/cpu.sv /home/krysiuk2/test/20/sp25_ece411_Team_9/mp_ooo/synth/../hdl/rob.sv /home/krysiuk2/test/20/sp25_ece411_Team_9/mp_ooo/synth/../hdl/queue.sv /home/krysiuk2/test/20/sp25_ece411_Team_9/mp_ooo/synth/../hdl/mem_unit.sv /home/krysiuk2/test/20/sp25_ece411_Team_9/mp_ooo/synth/../hdl/rat_arf.sv /home/krysiuk2/test/20/sp25_ece411_Team_9/mp_ooo/synth/../hdl/alu_unit.sv /home/krysiuk2/test/20/sp25_ece411_Team_9/mp_ooo/synth/../hdl/deserializer.sv /home/krysiuk2/test/20/sp25_ece411_Team_9/mp_ooo/synth/../hdl/reservation_stations.sv /home/krysiuk2/test/20/sp25_ece411_Team_9/mp_ooo/synth/../hdl/decode.sv /home/krysiuk2/test/20/sp25_ece411_Team_9/mp_ooo/synth/../hdl/br_unit.sv /home/krysiuk2/test/20/sp25_ece411_Team_9/mp_ooo/synth/../hdl/mul_unit.sv
foreach module $modules {
   analyze -library WORK -format sverilog "${module}"
}
Running PRESTO HDLC
Compiling source file /home/krysiuk2/test/20/sp25_ece411_Team_9/mp_ooo/synth/../hdl/writeback_stage.sv
Presto compilation completed successfully.
Running PRESTO HDLC
Compiling source file /home/krysiuk2/test/20/sp25_ece411_Team_9/mp_ooo/synth/../hdl/sp_ff_array.sv
Presto compilation completed successfully.
Running PRESTO HDLC
Compiling source file /home/krysiuk2/test/20/sp25_ece411_Team_9/mp_ooo/synth/../hdl/register.sv
Presto compilation completed successfully.
Running PRESTO HDLC
Compiling source file /home/krysiuk2/test/20/sp25_ece411_Team_9/mp_ooo/synth/../hdl/cache.sv
Presto compilation completed successfully.
Running PRESTO HDLC
Compiling source file /home/krysiuk2/test/20/sp25_ece411_Team_9/mp_ooo/synth/../hdl/writeback.sv
Presto compilation completed successfully.
Running PRESTO HDLC
Compiling source file /home/krysiuk2/test/20/sp25_ece411_Team_9/mp_ooo/synth/../hdl/cpu.sv
Warning:  /home/krysiuk2/test/20/sp25_ece411_Team_9/mp_ooo/synth/../hdl/cpu.sv:33: Forward references to 'decode_struct_out' are non-standard. This may be treated as an error in the future. (VER-733)
Warning:  /home/krysiuk2/test/20/sp25_ece411_Team_9/mp_ooo/synth/../hdl/cpu.sv:119: Forward references to 'cdbus' are non-standard. This may be treated as an error in the future. (VER-733)
Presto compilation completed successfully.
Running PRESTO HDLC
Compiling source file /home/krysiuk2/test/20/sp25_ece411_Team_9/mp_ooo/synth/../hdl/rob.sv
Presto compilation completed successfully.
Running PRESTO HDLC
Compiling source file /home/krysiuk2/test/20/sp25_ece411_Team_9/mp_ooo/synth/../hdl/queue.sv
Presto compilation completed successfully.
Running PRESTO HDLC
Compiling source file /home/krysiuk2/test/20/sp25_ece411_Team_9/mp_ooo/synth/../hdl/mem_unit.sv
Presto compilation completed successfully.
Running PRESTO HDLC
Compiling source file /home/krysiuk2/test/20/sp25_ece411_Team_9/mp_ooo/synth/../hdl/rat_arf.sv
Presto compilation completed successfully.
Running PRESTO HDLC
Compiling source file /home/krysiuk2/test/20/sp25_ece411_Team_9/mp_ooo/synth/../hdl/alu_unit.sv
Presto compilation completed successfully.
Running PRESTO HDLC
Compiling source file /home/krysiuk2/test/20/sp25_ece411_Team_9/mp_ooo/synth/../hdl/deserializer.sv
Presto compilation completed successfully.
Running PRESTO HDLC
Compiling source file /home/krysiuk2/test/20/sp25_ece411_Team_9/mp_ooo/synth/../hdl/reservation_stations.sv
Warning:  /home/krysiuk2/test/20/sp25_ece411_Team_9/mp_ooo/synth/../hdl/reservation_stations.sv:45: Forward references to 'stations' are non-standard. This may be treated as an error in the future. (VER-733)
Presto compilation completed successfully.
Running PRESTO HDLC
Compiling source file /home/krysiuk2/test/20/sp25_ece411_Team_9/mp_ooo/synth/../hdl/decode.sv
Presto compilation completed successfully.
Running PRESTO HDLC
Compiling source file /home/krysiuk2/test/20/sp25_ece411_Team_9/mp_ooo/synth/../hdl/br_unit.sv
Presto compilation completed successfully.
Running PRESTO HDLC
Compiling source file /home/krysiuk2/test/20/sp25_ece411_Team_9/mp_ooo/synth/../hdl/mul_unit.sv
Presto compilation completed successfully.
elaborate $design_toplevel
Loading db file '/home/krysiuk2/test/20/sp25_ece411_Team_9/mp_ooo/sram/output/mp_cache_data_array/mp_cache_data_array_TT_1p0V_25C_lib.db'
Loading db file '/home/krysiuk2/test/20/sp25_ece411_Team_9/mp_ooo/sram/output/mp_cache_tag_array/mp_cache_tag_array_TT_1p0V_25C_lib.db'
Loading db file '/software/Synopsys-2024_x86_64/syn/W-2024.09/libraries/syn/gtech.db'
Loading db file '/software/Synopsys-2024_x86_64/syn/W-2024.09/libraries/syn/standard.sldb'
  Loading link library 'NangateOpenCellLibrary'
  Loading link library 'mp_cache_data_array_TT_1p0V_25C_lib'
  Loading link library 'mp_cache_tag_array_TT_1p0V_25C_lib'
  Loading link library 'gtech'
Running PRESTO HDLC
Warning:  /home/krysiuk2/test/20/sp25_ece411_Team_9/mp_ooo/synth/../hdl/cpu.sv:352: Statement unreachable (Branch condition impossible to meet).  (VER-61)

Statistics for case statements in always block in file
	'/home/krysiuk2/test/20/sp25_ece411_Team_9/mp_ooo/synth/../hdl/cpu.sv'
============================================================
|    Line    |  full/ parallel  |      block location      |
============================================================
|    190     |    auto/auto     | always block at line 184 |
============================================================

Inferred memory devices in process in routine 'cpu' in file
	 /home/krysiuk2/test/20/sp25_ece411_Team_9/mp_ooo/synth/../hdl/cpu.sv'.
========================================================================================
|       Register Name       |   Type    | Width | Bus | MB |  Set  | Reset | ST | Line |
========================================================================================
|       ufp_addr_reg        | Flip-flop |  32   |  Y  | Y  | None  | None  | N  | 279  |
|       bmem_addr_reg       | Flip-flop |  32   |  Y  | Y  | None  | None  | N  | 279  |
|          pc_reg           | Flip-flop |  32   |  Y  | Y  | Sync  | Sync  | N  | 279  |
|         order_reg         | Flip-flop |  64   |  Y  | Y  | None  | Sync  | N  | 279  |
|       ufp_rmask_reg       | Flip-flop |   4   |  Y  | Y  | None  | Sync  | N  | 279  |
|        data_i_reg         | Flip-flop |  128  |  Y  | Y  | None  | Sync  | N  | 279  |
|       bmem_read_reg       | Flip-flop |   1   |  N  | N  | None  | Sync  | N  | 279  |
|      bmem_write_reg       | Flip-flop |   1   |  N  | N  | None  | Sync  | N  | 279  |
|       enqueue_i_reg       | Flip-flop |   1   |  N  | N  | None  | Sync  | N  | 279  |
|       bmem_flag_reg       | Flip-flop |   1   |  N  | N  | None  | Sync  | N  | 279  |
|    flush_stalling_reg     | Flip-flop |   1   |  N  | N  | None  | Sync  | N  | 279  |
| decode_struct_in_prev_reg | Flip-flop |  128  |  Y  | Y  | None  | None  | N  | 428  |
|    next_writeback_reg     | Flip-flop |  162  |  Y  | Y  | None  | Sync  | N  | 428  |
|  dispatch_struct_in_reg   | Flip-flop |  260  |  Y  | Y  | None  | Sync  | N  | 428  |
|     next_execute_reg      | Flip-flop |  750  |  Y  | Y  | None  | Sync  | N  | 428  |
|      stall_prev_reg       | Flip-flop |   1   |  N  | N  | None  | Sync  | N  | 554  |
|         stall_reg         | Flip-flop |   1   |  N  | N  | Sync  | None  | N  | 585  |
========================================================================================
Statistics for MUX_OPs
======================================================
| block name/line  | Inputs | Outputs | # sel inputs |
======================================================
|     cpu/227      |   32   |    1    |      5       |
|     cpu/228      |   32   |    1    |      5       |
|     cpu/230      |   32   |   32    |      5       |
|     cpu/230      |   32   |   32    |      5       |
======================================================
Information:  Complex logic will not be considered for set/reset inference. (ELAB-2008)
Presto compilation completed successfully. (cpu)
Module: cpu, Ports: 198, Input: 100, Output: 98, Inout: 0
Module: cpu, Registers: 1599, Async set/reset: 0, Sync set/reset: 1407
Information: Module report end. (ELAB-965)
Elaborated 1 design.
Current design is now 'cpu'.
Information: Building the design 'deserializer'. (HDL-193)

Statistics for case statements in always block in file
	'/home/krysiuk2/test/20/sp25_ece411_Team_9/mp_ooo/synth/../hdl/deserializer.sv'
===========================================================
|    Line    |  full/ parallel  |      block location     |
===========================================================
|     53     |    auto/auto     | always block at line 51 |
===========================================================

Inferred memory devices in process in routine 'deserializer' in file
	 /home/krysiuk2/test/20/sp25_ece411_Team_9/mp_ooo/synth/../hdl/deserializer.sv'.
==================================================================================
|    Register Name    |   Type    | Width | Bus | MB |  Set  | Reset | ST | Line |
==================================================================================
|    dfp_resp_reg     | Flip-flop |   1   |  N  | N  | None  | Sync  | N  |  19  |
|   accumulator_reg   | Flip-flop |  192  |  Y  | Y  | None  | Sync  | N  |  19  |
|   word_count_reg    | Flip-flop |   2   |  Y  | Y  | None  | Sync  | N  |  19  |
|   write_count_reg   | Flip-flop |   2   |  Y  | Y  | None  | Sync  | N  |  19  |
|    dfp_rdata_reg    | Flip-flop |  256  |  Y  | Y  | None  | Sync  | N  |  19  |
==================================================================================
Presto compilation completed successfully. (deserializer)
Module: deserializer, Ports: 646, Input: 325, Output: 321, Inout: 0
Module: deserializer, Registers: 453, Async set/reset: 0, Sync set/reset: 453
Information: Module report end. (ELAB-965)
Information: Building the design 'cache'. (HDL-193)

Statistics for case statements in always block in file
	'/home/krysiuk2/test/20/sp25_ece411_Team_9/mp_ooo/synth/../hdl/cache.sv'
============================================================
|    Line    |  full/ parallel  |      block location      |
============================================================
|    233     |    user/user     | always block at line 224 |
|    256     |    auto/auto     | always block at line 250 |
|    391     |    auto/auto     | always block at line 358 |
============================================================

Inferred memory devices in process in routine 'cache' in file
	 /home/krysiuk2/test/20/sp25_ece411_Team_9/mp_ooo/synth/../hdl/cache.sv'.
===================================================================================
|    Register Name     |   Type    | Width | Bus | MB |  Set  | Reset | ST | Line |
===================================================================================
|      state_reg       | Flip-flop |   3   |  Y  | Y  | None  | Sync  | N  | 181  |
| dfp_rdata_stored_reg | Flip-flop |  256  |  Y  | Y  | None  | Sync  | N  | 476  |
|  ufp_addr_prev_reg   | Flip-flop |  30   |  Y  | Y  | None  | Sync  | N  | 476  |
|  ufp_rmask_prev_reg  | Flip-flop |   4   |  Y  | Y  | None  | Sync  | N  | 476  |
|  ufp_wmask_prev_reg  | Flip-flop |   4   |  Y  | Y  | None  | Sync  | N  | 476  |
===================================================================================
Statistics for MUX_OPs
======================================================
| block name/line  | Inputs | Outputs | # sel inputs |
======================================================
|    cache/246     |   4    |    1    |      2       |
|    cache/338     |   4    |   256   |      2       |
|    cache/423     |   4    |   256   |      2       |
|    cache/424     |   4    |   23    |      2       |
======================================================
Presto compilation completed successfully. (cache)
Module: cache, Ports: 910, Input: 331, Output: 579, Inout: 0
Module: cache, Registers: 297, Async set/reset: 0, Sync set/reset: 297
Information: Module report end. (ELAB-965)
Module: cache, Elapsed Time: 00:00:28, CPU Time: 00:00:27, Total Mem: 2.00 GB, Mem: 1.81 GB, Time: Thu Apr 24 17:04:01 2025
Information: Building the design 'queue' instantiated from design 'cpu' with
	the parameters "WIDTH=128,DEPTH=32". (HDL-193)
Warning:  /home/krysiuk2/test/20/sp25_ece411_Team_9/mp_ooo/synth/../hdl/queue.sv:51: signed to unsigned conversion occurs. (VER-318)
Warning:  /home/krysiuk2/test/20/sp25_ece411_Team_9/mp_ooo/synth/../hdl/queue.sv:56: signed to unsigned conversion occurs. (VER-318)

Statistics for case statements in always block in file
	'/home/krysiuk2/test/20/sp25_ece411_Team_9/mp_ooo/synth/../hdl/queue.sv'
===========================================================
|    Line    |  full/ parallel  |      block location     |
===========================================================
|     60     |    auto/auto     | always block at line 35 |
===========================================================

Inferred memory devices in process in routine 'queue_WIDTH128_DEPTH32' in file
	 /home/krysiuk2/test/20/sp25_ece411_Team_9/mp_ooo/synth/../hdl/queue.sv'.
==================================================================================
|    Register Name    |   Type    | Width | Bus | MB |  Set  | Reset | ST | Line |
==================================================================================
|      data_reg       | Flip-flop | 4096  |  Y  | Y  | None  | None  | N  |  35  |
|      head_reg       | Flip-flop |  32   |  Y  | Y  | None  | Sync  | N  |  35  |
|      tail_reg       | Flip-flop |  32   |  Y  | Y  | None  | Sync  | N  |  35  |
|      count_reg      | Flip-flop |  32   |  Y  | Y  | None  | Sync  | N  |  35  |
==================================================================================
Statistics for MUX_OPs
===============================================================
|     block name/line       | Inputs | Outputs | # sel inputs |
===============================================================
| queue_WIDTH128_DEPTH32/32 |   32   |   128   |      5       |
===============================================================
Presto compilation completed successfully. (queue_WIDTH128_DEPTH32)
Module: queue_WIDTH128_DEPTH32, Ports: 263, Input: 133, Output: 130, Inout: 0
Module: queue_WIDTH128_DEPTH32, Registers: 4192, Async set/reset: 0, Sync set/reset: 96
Information: Module report end. (ELAB-965)
Information: Building the design 'register' instantiated from design 'cpu' with
	the parameters "A_LEN=256,B_LEN=32". (HDL-193)

Inferred memory devices in process in routine 'register_A_LEN256_B_LEN32' in file
	 /home/krysiuk2/test/20/sp25_ece411_Team_9/mp_ooo/synth/../hdl/register.sv'.
==================================================================================
|    Register Name    |   Type    | Width | Bus | MB |  Set  | Reset | ST | Line |
==================================================================================
|  data_b_output_reg  | Flip-flop |  32   |  Y  | Y  | None  | Sync  | N  |  17  |
|  data_a_output_reg  | Flip-flop |  256  |  Y  | Y  | None  | Sync  | N  |  17  |
==================================================================================
Presto compilation completed successfully. (register_A_LEN256_B_LEN32)
Module: register_A_LEN256_B_LEN32, Ports: 579, Input: 291, Output: 288, Inout: 0
Module: register_A_LEN256_B_LEN32, Registers: 288, Async set/reset: 0, Sync set/reset: 288
Information: Module report end. (ELAB-965)
Information: Building the design 'decode'. (HDL-193)

Statistics for case statements in always block in file
	'/home/krysiuk2/test/20/sp25_ece411_Team_9/mp_ooo/synth/../hdl/decode.sv'
===========================================================
|    Line    |  full/ parallel  |      block location     |
===========================================================
|     48     |    user/user     | always block at line 29 |
|     64     |    user/user     | always block at line 29 |
|     68     |    user/user     | always block at line 29 |
|     90     |    user/user     | always block at line 29 |
|     94     |    user/user     | always block at line 29 |
|    101     |    user/user     | always block at line 29 |
===========================================================
Presto compilation completed successfully. (decode)
Module: decode, Ports: 389, Input: 129, Output: 260, Inout: 0
Module: decode, Registers: 0, Async set/reset: 0, Sync set/reset: 0
Information: Module report end. (ELAB-965)
Information: Building the design 'rat_arf'. (HDL-193)

Statistics for case statements in always block in file
	'/home/krysiuk2/test/20/sp25_ece411_Team_9/mp_ooo/synth/../hdl/rat_arf.sv'
===========================================================
|    Line    |  full/ parallel  |      block location     |
===========================================================
|     81     |    auto/auto     | always block at line 45 |
===========================================================

Inferred memory devices in process in routine 'rat_arf' in file
	 /home/krysiuk2/test/20/sp25_ece411_Team_9/mp_ooo/synth/../hdl/rat_arf.sv'.
==================================================================================
|    Register Name    |   Type    | Width | Bus | MB |  Set  | Reset | ST | Line |
==================================================================================
|   ready_count_reg   | Flip-flop |  160  |  Y  | Y  | None  | Sync  | N  |  45  |
|  rat_arf_table_reg  | Flip-flop | 1216  |  Y  | Y  | Sync  | Sync  | N  |  45  |
==================================================================================
Statistics for MUX_OPs
======================================================
| block name/line  | Inputs | Outputs | # sel inputs |
======================================================
|    rat_arf/39    |   32   |    6    |      5       |
|    rat_arf/40    |   32   |    6    |      5       |
|    rat_arf/71    |   32   |    5    |      5       |
|    rat_arf/78    |   32   |    5    |      5       |
======================================================
Presto compilation completed successfully. (rat_arf)
Module: rat_arf, Ports: 1839, Input: 611, Output: 1228, Inout: 0
Module: rat_arf, Registers: 1376, Async set/reset: 0, Sync set/reset: 1376
Information: Module report end. (ELAB-965)
Information: Building the design 'rob'. (HDL-193)
Warning:  /home/krysiuk2/test/20/sp25_ece411_Team_9/mp_ooo/synth/../hdl/rob.sv:138: signed to unsigned conversion occurs. (VER-318)
Warning:  /home/krysiuk2/test/20/sp25_ece411_Team_9/mp_ooo/synth/../hdl/rob.sv:140: signed to unsigned conversion occurs. (VER-318)
Warning:  /home/krysiuk2/test/20/sp25_ece411_Team_9/mp_ooo/synth/../hdl/rob.sv:150: signed to unsigned conversion occurs. (VER-318)

Statistics for case statements in always block in file
	'/home/krysiuk2/test/20/sp25_ece411_Team_9/mp_ooo/synth/../hdl/rob.sv'
===========================================================
|    Line    |  full/ parallel  |      block location     |
===========================================================
|    168     |    auto/auto     | always block at line 60 |
===========================================================

Inferred memory devices in process in routine 'rob' in file
	 /home/krysiuk2/test/20/sp25_ece411_Team_9/mp_ooo/synth/../hdl/rob.sv'.
==================================================================================
|    Register Name    |   Type    | Width | Bus | MB |  Set  | Reset | ST | Line |
==================================================================================
|    rob_table_reg    | Flip-flop | 7072  |  Y  | Y  | None  | Sync  | N  |  60  |
|      head_reg       | Flip-flop |   5   |  Y  | Y  | None  | Sync  | N  |  60  |
|      tail_reg       | Flip-flop |   5   |  Y  | Y  | None  | Sync  | N  |  60  |
|    tail_addr_reg    | Flip-flop |   5   |  Y  | Y  | None  | Sync  | N  |  60  |
|      count_reg      | Flip-flop |  32   |  Y  | Y  | None  | Sync  | N  |  60  |
==================================================================================
Statistics for MUX_OPs
======================================================
| block name/line  | Inputs | Outputs | # sel inputs |
======================================================
|      rob/32      |   32   |   221   |      5       |
|     rob/132      |   32   |    2    |      5       |
======================================================
Presto compilation completed successfully. (rob)
Module: rob, Ports: 7907, Input: 608, Output: 7299, Inout: 0
Module: rob, Registers: 7119, Async set/reset: 0, Sync set/reset: 7119
Information: Module report end. (ELAB-965)
Information: Building the design 'reservation_station'. (HDL-193)
Warning:  /home/krysiuk2/test/20/sp25_ece411_Team_9/mp_ooo/synth/../hdl/reservation_stations.sv:174: signed to unsigned assignment occurs. (VER-318)
Warning:  /home/krysiuk2/test/20/sp25_ece411_Team_9/mp_ooo/synth/../hdl/reservation_stations.sv:180: signed to unsigned assignment occurs. (VER-318)

Statistics for case statements in always block in file
	'/home/krysiuk2/test/20/sp25_ece411_Team_9/mp_ooo/synth/../hdl/reservation_stations.sv'
============================================================
|    Line    |  full/ parallel  |      block location      |
============================================================
|    225     |    auto/auto     | always block at line 190 |
============================================================

Inferred memory devices in process in routine 'reservation_station' in file
	 /home/krysiuk2/test/20/sp25_ece411_Team_9/mp_ooo/synth/../hdl/reservation_stations.sv'.
==================================================================================
|    Register Name    |   Type    | Width | Bus | MB |  Set  | Reset | ST | Line |
==================================================================================
|    stations_reg     | Flip-flop |  750  |  Y  | Y  | None  | Sync  | N  | 190  |
==================================================================================
Presto compilation completed successfully. (reservation_station)
Module: reservation_station, Ports: 8512, Input: 7759, Output: 753, Inout: 0
Module: reservation_station, Registers: 750, Async set/reset: 0, Sync set/reset: 750
Information: Module report end. (ELAB-965)
Information: Building the design 'alu_unit'. (HDL-193)

Statistics for case statements in always block in file
	'/home/krysiuk2/test/20/sp25_ece411_Team_9/mp_ooo/synth/../hdl/alu_unit.sv'
===========================================================
|    Line    |  full/ parallel  |      block location     |
===========================================================
|     51     |    user/user     | always block at line 46 |
|     58     |    user/user     | always block at line 46 |
|     71     |    user/user     | always block at line 67 |
===========================================================
Presto compilation completed successfully. (alu_unit)
Module: alu_unit, Ports: 401, Input: 250, Output: 151, Inout: 0
Module: alu_unit, Registers: 0, Async set/reset: 0, Sync set/reset: 0
Information: Module report end. (ELAB-965)
Information: Building the design 'mul_unit'. (HDL-193)

Statistics for case statements in always block in file
	'/home/krysiuk2/test/20/sp25_ece411_Team_9/mp_ooo/synth/../hdl/mul_unit.sv'
============================================================
|    Line    |  full/ parallel  |      block location      |
============================================================
|    134     |    user/user     | always block at line 133 |
|    156     |    user/user     | always block at line 147 |
|    172     |    user/user     | always block at line 147 |
|    191     |    user/user     | always block at line 147 |
============================================================

Inferred memory devices in process in routine 'mul_unit' in file
	 /home/krysiuk2/test/20/sp25_ece411_Team_9/mp_ooo/synth/../hdl/mul_unit.sv'.
==================================================================================
|    Register Name    |   Type    | Width | Bus | MB |  Set  | Reset | ST | Line |
==================================================================================
|      a_mul_reg      | Flip-flop |  32   |  Y  | Y  | None  | None  | N  | 147  |
| execute_output_reg  | Flip-flop |  151  |  Y  | Y  | None  | Sync  | N  | 147  |
| mult_op_running_reg | Flip-flop |   3   |  Y  | Y  | None  | Sync  | N  | 147  |
|     prev_pc_reg     | Flip-flop |  32   |  Y  | Y  | None  | Sync  | N  | 147  |
|      start_reg      | Flip-flop |   5   |  Y  | Y  | None  | Sync  | N  | 147  |
|      b_mul_reg      | Flip-flop |  32   |  Y  | Y  | None  | None  | N  | 147  |
|     a_div_s_reg     | Flip-flop |  32   |  Y  | Y  | None  | None  | N  | 147  |
|     b_div_s_reg     | Flip-flop |  32   |  Y  | Y  | None  | None  | N  | 147  |
|     a_div_u_reg     | Flip-flop |  32   |  Y  | Y  | None  | None  | N  | 147  |
|     b_div_u_reg     | Flip-flop |  32   |  Y  | Y  | None  | None  | N  | 147  |
==================================================================================
Presto compilation completed successfully. (mul_unit)
Module: mul_unit, Ports: 403, Input: 252, Output: 151, Inout: 0
Module: mul_unit, Registers: 383, Async set/reset: 0, Sync set/reset: 191
Information: Module report end. (ELAB-965)
Information: Building the design 'br_unit'. (HDL-193)

Statistics for case statements in always block in file
	'/home/krysiuk2/test/20/sp25_ece411_Team_9/mp_ooo/synth/../hdl/br_unit.sv'
===========================================================
|    Line    |  full/ parallel  |      block location     |
===========================================================
|     25     |    user/user     | always block at line 17 |
|     46     |    user/user     | always block at line 17 |
===========================================================
Presto compilation completed successfully. (br_unit)
Module: br_unit, Ports: 402, Input: 251, Output: 151, Inout: 0
Module: br_unit, Registers: 0, Async set/reset: 0, Sync set/reset: 0
Information: Module report end. (ELAB-965)
Information: Building the design 'sp_ff_array' instantiated from design 'cache' with
	the parameters "WIDTH=1". (HDL-193)

Inferred memory devices in process in routine 'sp_ff_array_WIDTH1' in file
	 /home/krysiuk2/test/20/sp25_ece411_Team_9/mp_ooo/synth/../hdl/sp_ff_array.sv'.
==================================================================================
|    Register Name    |   Type    | Width | Bus | MB |  Set  | Reset | ST | Line |
==================================================================================
|    din0_reg_reg     | Flip-flop |   1   |  N  | N  | None  | None  | N  |  22  |
|    web0_reg_reg     | Flip-flop |   1   |  N  | N  | Sync  | None  | N  |  22  |
|    addr0_reg_reg    | Flip-flop |   4   |  Y  | Y  | None  | None  | N  |  22  |
| internal_array_reg  | Flip-flop |  16   |  Y  | Y  | None  | Sync  | N  |  36  |
==================================================================================
Statistics for MUX_OPs
===========================================================
|   block name/line     | Inputs | Outputs | # sel inputs |
===========================================================
| sp_ff_array_WIDTH1/49 |   16   |    1    |      4       |
===========================================================
Presto compilation completed successfully. (sp_ff_array_WIDTH1)
Module: sp_ff_array_WIDTH1, Ports: 10, Input: 9, Output: 1, Inout: 0
Module: sp_ff_array_WIDTH1, Registers: 22, Async set/reset: 0, Sync set/reset: 17
Information: Module report end. (ELAB-965)
Information: Building the design 'sp_ff_array' instantiated from design 'cache' with
	the parameters "WIDTH=3". (HDL-193)

Inferred memory devices in process in routine 'sp_ff_array_WIDTH3' in file
	 /home/krysiuk2/test/20/sp25_ece411_Team_9/mp_ooo/synth/../hdl/sp_ff_array.sv'.
==================================================================================
|    Register Name    |   Type    | Width | Bus | MB |  Set  | Reset | ST | Line |
==================================================================================
|    din0_reg_reg     | Flip-flop |   3   |  Y  | Y  | None  | None  | N  |  22  |
|    web0_reg_reg     | Flip-flop |   1   |  N  | N  | Sync  | None  | N  |  22  |
|    addr0_reg_reg    | Flip-flop |   4   |  Y  | Y  | None  | None  | N  |  22  |
| internal_array_reg  | Flip-flop |  48   |  Y  | Y  | None  | Sync  | N  |  36  |
==================================================================================
Statistics for MUX_OPs
===========================================================
|   block name/line     | Inputs | Outputs | # sel inputs |
===========================================================
| sp_ff_array_WIDTH3/49 |   16   |    3    |      4       |
===========================================================
Presto compilation completed successfully. (sp_ff_array_WIDTH3)
Module: sp_ff_array_WIDTH3, Ports: 14, Input: 11, Output: 3, Inout: 0
Module: sp_ff_array_WIDTH3, Registers: 56, Async set/reset: 0, Sync set/reset: 49
Information: Module report end. (ELAB-965)
Information: Building the design 'DW_mult_inst' instantiated from design 'mul_unit' with
	the parameters "32,32,1". (HDL-193)
Presto compilation completed successfully. (DW_mult_inst_A_width32_B_width32_tc_mode1)
Module: DW_mult_inst_A_width32_B_width32_tc_mode1, Ports: 132, Input: 67, Output: 65, Inout: 0
Module: DW_mult_inst_A_width32_B_width32_tc_mode1, Registers: 0, Async set/reset: 0, Sync set/reset: 0
Information: Module report end. (ELAB-965)
Information: Building the design 'DW_mult_inst' instantiated from design 'mul_unit' with
	the parameters "32,32,0". (HDL-193)
Presto compilation completed successfully. (DW_mult_inst_A_width32_B_width32_tc_mode0)
Module: DW_mult_inst_A_width32_B_width32_tc_mode0, Ports: 132, Input: 67, Output: 65, Inout: 0
Module: DW_mult_inst_A_width32_B_width32_tc_mode0, Registers: 0, Async set/reset: 0, Sync set/reset: 0
Information: Module report end. (ELAB-965)
Information: Building the design 'DW_mult_inst' instantiated from design 'mul_unit' with
	the parameters "33,33,1". (HDL-193)
Presto compilation completed successfully. (DW_mult_inst_A_width33_B_width33_tc_mode1)
Module: DW_mult_inst_A_width33_B_width33_tc_mode1, Ports: 136, Input: 69, Output: 67, Inout: 0
Module: DW_mult_inst_A_width33_B_width33_tc_mode1, Registers: 0, Async set/reset: 0, Sync set/reset: 0
Information: Module report end. (ELAB-965)
Information: Building the design 'DW_div_inst' instantiated from design 'mul_unit' with
	the parameters "32,1". (HDL-193)
Presto compilation completed successfully. (DW_div_inst_width32_tc_mode1)
Module: DW_div_inst_width32_tc_mode1, Ports: 133, Input: 67, Output: 66, Inout: 0
Module: DW_div_inst_width32_tc_mode1, Registers: 0, Async set/reset: 0, Sync set/reset: 0
Information: Module report end. (ELAB-965)
Information: Building the design 'DW_div_inst' instantiated from design 'mul_unit' with
	the parameters "32,0". (HDL-193)
Presto compilation completed successfully. (DW_div_inst_width32_tc_mode0)
Module: DW_div_inst_width32_tc_mode0, Ports: 133, Input: 67, Output: 66, Inout: 0
Module: DW_div_inst_width32_tc_mode0, Registers: 0, Async set/reset: 0, Sync set/reset: 0
Information: Module report end. (ELAB-965)
1
current_design $design_toplevel
Current design is 'cpu'.
{cpu}
change_names -rules verilog -hierarchy
1
check_design
 
****************************************
check_design summary:
Version:     W-2024.09
Date:        Thu Apr 24 17:04:19 2025
****************************************

                   Name                                            Total
--------------------------------------------------------------------------------
No issues found.
--------------------------------------------------------------------------------

1
set_wire_load_model -name "5K_hvratio_1_1"
1
set_wire_load_mode enclosed
1
source constraints.sdc
1
link

  Linking design 'cpu'
  Using the following designs and libraries:
  --------------------------------------------------------------------------
  * (19 designs)              /home/krysiuk2/test/20/sp25_ece411_Team_9/mp_ooo/synth/cpu.db, etc
  NangateOpenCellLibrary (library)
                              /class/ece411/freepdk-45nm/stdcells.db
  dw_foundation.sldb (library)
                              /software/Synopsys-2024_x86_64/syn/W-2024.09/libraries/syn/dw_foundation.sldb
  mp_cache_data_array_TT_1p0V_25C_lib (library)
                              /home/krysiuk2/test/20/sp25_ece411_Team_9/mp_ooo/sram/output/mp_cache_data_array/mp_cache_data_array_TT_1p0V_25C_lib.db
  mp_cache_tag_array_TT_1p0V_25C_lib (library)
                              /home/krysiuk2/test/20/sp25_ece411_Team_9/mp_ooo/sram/output/mp_cache_tag_array/mp_cache_tag_array_TT_1p0V_25C_lib.db

1
eval [getenv ECE411_COMPILE_CMD]
Information: Performing leakage power optimization. (PWR-850)
CPU Load: 10856%, Ram Free: 0 GB, Swap Free: 7 GB, Work Disk Free: 22 GB, Tmp Disk Free: 30 GB
Alib files are up-to-date.
Information: Evaluating DesignWare library utilization. (UISN-27)

============================================================================
| DesignWare Building Block Library  |         Version         | Available |
============================================================================
| Basic DW Building Blocks           | W-2024.09-DWBB_202409.0 |     *     |
| Licensed DW Building Blocks        | W-2024.09-DWBB_202409.0 |     *     |
============================================================================

====================================================================================================
| Flow Information                                                                                 |
----------------------------------------------------------------------------------------------------
| Flow         | Design Compiler WLM                                                               |
| Command Line | compile_ultra -gate_clock                                                         |
====================================================================================================
| Design Information                                      | Value                                  |
====================================================================================================
| Number of Scenarios                                     | 0                                      |
| Leaf Cell Count                                         | 92821                                  |
| Number of User Hierarchies                              | 25                                     |
| Sequential Cell Count                                   | 16697                                  |
| Macro Count                                             | 0                                      |
| Number of Power Domains                                 | 0                                      |
| Number of Path Groups                                   | 2                                      |
| Number of VT Class                                      | 0                                      |
| Number of Clocks                                        | 1                                      |
| Number of Dont Touch Cells                              | 20283                                  |
| Number of Dont Touch Nets                               | 0                                      |
| Number of Size Only Cells                               | 0                                      |
| Design with UPF Data                                    | false                                  |
====================================================================================================
Information: Sequential output inversion is enabled.  SVF file must be used for formal verification. (OPT-1208)


Information: Uniquified 8 instances of design 'sp_ff_array_WIDTH1'. (OPT-1056)
  Simplifying Design 'cpu'
Information: Performing clock-gating with positive edge logic: 'integrated' and negative edge logic: 'or'. (PWR-1047)
Information: propagating constant for register instruction_cache/lru_array/din0_reg_reg_2_
Information: propagating constant for register instruction_cache/lru_array/din0_reg_reg_1_
Information: propagating constant for register instruction_cache/lru_array/din0_reg_reg_0_
Information: propagating constant for register instruction_cache/lru_array/web0_reg_reg
Information: propagating constant for register instruction_cache/lru_array/addr0_reg_reg_3_
Information: propagating constant for register instruction_cache/lru_array/addr0_reg_reg_2_
Information: propagating constant for register instruction_cache/lru_array/addr0_reg_reg_1_
Information: propagating constant for register instruction_cache/lru_array/addr0_reg_reg_0_
Information: propagating constant for register instruction_cache/arrays_3__dirty_array/din0_reg_reg_0_
Information: propagating constant for register instruction_cache/arrays_3__dirty_array/web0_reg_reg
Information: propagating constant for register instruction_cache/arrays_3__dirty_array/addr0_reg_reg_3_
Information: propagating constant for register instruction_cache/arrays_3__dirty_array/addr0_reg_reg_2_
Information: propagating constant for register instruction_cache/arrays_3__dirty_array/addr0_reg_reg_1_
Information: propagating constant for register instruction_cache/arrays_3__dirty_array/addr0_reg_reg_0_
Information: propagating constant for register instruction_cache/arrays_3__valid_array/din0_reg_reg_0_
Information: propagating constant for register instruction_cache/arrays_3__valid_array/web0_reg_reg
Information: propagating constant for register instruction_cache/arrays_3__valid_array/addr0_reg_reg_3_
Information: propagating constant for register instruction_cache/arrays_3__valid_array/addr0_reg_reg_2_
Information: propagating constant for register instruction_cache/arrays_3__valid_array/addr0_reg_reg_1_
Information: propagating constant for register instruction_cache/arrays_3__valid_array/addr0_reg_reg_0_

Loaded alib file '/class/ece411/freepdk-45nm/alib/alib-52/stdcells.db.alib'
Module: DW01_NAND2, Ports: 3, Input: 2, Output: 1, Inout: 0
Module: DW01_NAND2, Registers: 0, Async set/reset: 0, Sync set/reset: 0
  Building model 'DW01_NAND2'
Information: Ungrouping 20 of 310 hierarchies before Pass 1 (OPT-775)
CPU Load: 9501%, Ram Free: 0 GB, Swap Free: 7 GB, Work Disk Free: 22 GB, Tmp Disk Free: 30 GB
Information: State dependent leakage is now switched from on to off.

  Beginning Pass 1 Mapping
  ------------------------
  Processing 'cache'
Information: Added key list 'DesignWare' to design 'cache'. (DDB-72)
  Processing 'rob'
Information: Added key list 'DesignWare' to design 'rob'. (DDB-72)
 Implement Synthetic for 'rob'.
  Processing 'cpu'
Information: Added key list 'DesignWare' to design 'cpu'. (DDB-72)
 Implement Synthetic for 'cpu'.
Module: DW_div_seq_a_width32_b_width32_tc_mode0_num_cyc3_rst_mode0_input_mode1_output_mode1_early_start1, Ports: 134, Input: 68, Output: 66, Inout: 0
Module: DW_div_seq_a_width32_b_width32_tc_mode0_num_cyc3_rst_mode0_input_mode1_output_mode1_early_start1, Registers: 101, Async set/reset: 101, Sync set/reset: 0
Module: DW_cntr_scnto_width2_count_to2_rst_mode0_dcod_mode0, Ports: 9, Input: 6, Output: 3, Inout: 0
Module: DW_cntr_scnto_width2_count_to2_rst_mode0_dcod_mode0, Registers: 0, Async set/reset: 0, Sync set/reset: 0
Module: DW_and_tree_width2, Ports: 3, Input: 2, Output: 1, Inout: 0
Module: DW_and_tree_width2, Registers: 0, Async set/reset: 0, Sync set/reset: 0
  Processing 'cpu_DW_div_seq_J3_0'
  Processing 'cpu_DW_cntr_scnto_J3_0'
Module: DW_div_seq_a_width32_b_width32_tc_mode1_num_cyc3_rst_mode0_input_mode1_output_mode1_early_start1, Ports: 134, Input: 68, Output: 66, Inout: 0
Module: DW_div_seq_a_width32_b_width32_tc_mode1_num_cyc3_rst_mode0_input_mode1_output_mode1_early_start1, Registers: 104, Async set/reset: 104, Sync set/reset: 0
Module: DW01_absval_width32, Ports: 64, Input: 32, Output: 32, Inout: 0
Module: DW01_absval_width32, Registers: 0, Async set/reset: 0, Sync set/reset: 0
  Processing 'cpu_DW_div_seq_J3_1'
  Processing 'cpu_DW01_absval_J3_0'
  Processing 'cpu_DW_cntr_scnto_J3_1'
Module: DW_mult_seq_a_width33_b_width33_tc_mode1_num_cyc3_rst_mode0_input_mode1_output_mode1_early_start1, Ports: 137, Input: 70, Output: 67, Inout: 0
Module: DW_mult_seq_a_width33_b_width33_tc_mode1_num_cyc3_rst_mode0_input_mode1_output_mode1_early_start1, Registers: 100, Async set/reset: 100, Sync set/reset: 0
  Processing 'cpu_DW_mult_seq_J3_0'
  Processing 'cpu_DW_cntr_scnto_J3_2'
Module: DW_mult_seq_a_width32_b_width32_tc_mode0_num_cyc3_rst_mode0_input_mode1_output_mode1_early_start1, Ports: 133, Input: 68, Output: 65, Inout: 0
Module: DW_mult_seq_a_width32_b_width32_tc_mode0_num_cyc3_rst_mode0_input_mode1_output_mode1_early_start1, Registers: 97, Async set/reset: 97, Sync set/reset: 0
  Processing 'cpu_DW_mult_seq_J3_1'
  Processing 'cpu_DW_cntr_scnto_J3_3'
Module: DW_mult_seq_a_width32_b_width32_tc_mode1_num_cyc3_rst_mode0_input_mode1_output_mode1_early_start1, Ports: 133, Input: 68, Output: 65, Inout: 0
Module: DW_mult_seq_a_width32_b_width32_tc_mode1_num_cyc3_rst_mode0_input_mode1_output_mode1_early_start1, Registers: 98, Async set/reset: 98, Sync set/reset: 0
  Processing 'cpu_DW_mult_seq_J3_2'
  Processing 'cpu_DW_cntr_scnto_J3_4'
Warning: No negative phase flipflop in library for Cell stall_reg. The clock phase would be changed. (OPT-1231)
  Processing 'queue_WIDTH128_DEPTH32'
 Implement Synthetic for 'queue_WIDTH128_DEPTH32'.
  Processing 'reservation_station'
Information: Added key list 'DesignWare' to design 'reservation_station'. (DDB-72)
  Processing 'rat_arf'
Information: Added key list 'DesignWare' to design 'rat_arf'. (DDB-72)
 Implement Synthetic for 'rat_arf'.
  Processing 'SNPS_CLOCK_GATE_HIGH_mul_unit_0'
  Mapping integrated clock gating circuitry
  Processing 'SNPS_CLOCK_GATE_HIGH_register_A_LEN256_B_LEN32'
  Mapping integrated clock gating circuitry
  Processing 'SNPS_CLOCK_GATE_HIGH_deserializer_0'
  Mapping integrated clock gating circuitry
  Processing 'SNPS_CLOCK_GATE_HIGH_cpu_0'
  Mapping integrated clock gating circuitry
  Processing 'SNPS_CLOCK_GATE_HIGH_reservation_station_0'
  Mapping integrated clock gating circuitry
  Processing 'SNPS_CLOCK_GATE_HIGH_rob_0'
  Mapping integrated clock gating circuitry
  Processing 'SNPS_CLOCK_GATE_HIGH_rat_arf_0'
  Mapping integrated clock gating circuitry
  Processing 'SNPS_CLOCK_GATE_HIGH_queue_WIDTH128_DEPTH32_0'
  Mapping integrated clock gating circuitry
  Processing 'SNPS_CLOCK_GATE_HIGH_sp_ff_array_WIDTH1_0_0'
  Mapping integrated clock gating circuitry
  Processing 'SNPS_CLOCK_GATE_HIGH_sp_ff_array_WIDTH1_1_0'
  Mapping integrated clock gating circuitry
  Processing 'SNPS_CLOCK_GATE_HIGH_sp_ff_array_WIDTH3_0'
  Mapping integrated clock gating circuitry
  Processing 'SNPS_CLOCK_GATE_HIGH_cache'
  Mapping integrated clock gating circuitry
CPU Load: 583%, Ram Free: 2 GB, Swap Free: 7 GB, Work Disk Free: 22 GB, Tmp Disk Free: 30 GB

  Updating timing information
Information: Updating design information... (UID-85)
CGOPT MAP DEBUG: cgopt_ctxt.target_lib refresh required directly after link: FALSE

  Beginning Mapping Optimizations  (Ultra High effort)
  -------------------------------
Information: Added key list 'DesignWare' to design 'queue_WIDTH128_DEPTH32'. (DDB-72)
Module: DW_div_seq_a_width32_b_width32_tc_mode1_num_cyc3_rst_mode0_input_mode1_output_mode1_early_start1, Ports: 134, Input: 68, Output: 66, Inout: 0
Module: DW_div_seq_a_width32_b_width32_tc_mode1_num_cyc3_rst_mode0_input_mode1_output_mode1_early_start1, Registers: 104, Async set/reset: 104, Sync set/reset: 0
Module: DW_cntr_scnto_width2_count_to2_rst_mode0_dcod_mode0, Ports: 9, Input: 6, Output: 3, Inout: 0
Module: DW_cntr_scnto_width2_count_to2_rst_mode0_dcod_mode0, Registers: 0, Async set/reset: 0, Sync set/reset: 0
Module: DW_and_tree_width2, Ports: 3, Input: 2, Output: 1, Inout: 0
Module: DW_and_tree_width2, Registers: 0, Async set/reset: 0, Sync set/reset: 0
Module: DW01_NAND2, Ports: 3, Input: 2, Output: 1, Inout: 0
Module: DW01_NAND2, Registers: 0, Async set/reset: 0, Sync set/reset: 0
Module: DW_cntr_scnto_width2_count_to2_rst_mode0_dcod_mode0, Ports: 9, Input: 6, Output: 3, Inout: 0
Module: DW_cntr_scnto_width2_count_to2_rst_mode0_dcod_mode0, Registers: 0, Async set/reset: 0, Sync set/reset: 0
Module: DW01_absval_width32, Ports: 64, Input: 32, Output: 32, Inout: 0
Module: DW01_absval_width32, Registers: 0, Async set/reset: 0, Sync set/reset: 0
Module: DW_cntr_scnto_width2_count_to2_rst_mode0_dcod_mode0, Ports: 9, Input: 6, Output: 3, Inout: 0
Module: DW_cntr_scnto_width2_count_to2_rst_mode0_dcod_mode0, Registers: 0, Async set/reset: 0, Sync set/reset: 0
Module: DW_cntr_scnto_width2_count_to2_rst_mode0_dcod_mode0, Ports: 9, Input: 6, Output: 3, Inout: 0
Module: DW_cntr_scnto_width2_count_to2_rst_mode0_dcod_mode0, Registers: 0, Async set/reset: 0, Sync set/reset: 0
Module: DW_div_seq_a_width32_b_width32_tc_mode1_num_cyc3_rst_mode0_input_mode1_output_mode1_early_start1, Ports: 134, Input: 68, Output: 66, Inout: 0
Module: DW_div_seq_a_width32_b_width32_tc_mode1_num_cyc3_rst_mode0_input_mode1_output_mode1_early_start1, Registers: 108, Async set/reset: 108, Sync set/reset: 0
Module: DW_cntr_scnto_width2_count_to2_rst_mode0_dcod_mode0, Ports: 9, Input: 6, Output: 3, Inout: 0
Module: DW_cntr_scnto_width2_count_to2_rst_mode0_dcod_mode0, Registers: 0, Async set/reset: 0, Sync set/reset: 0
Module: DW_cntr_scnto_width2_count_to2_rst_mode0_dcod_mode0, Ports: 9, Input: 6, Output: 3, Inout: 0
Module: DW_cntr_scnto_width2_count_to2_rst_mode0_dcod_mode0, Registers: 0, Async set/reset: 0, Sync set/reset: 0
Module: DW01_absval_width32, Ports: 64, Input: 32, Output: 32, Inout: 0
Module: DW01_absval_width32, Registers: 0, Async set/reset: 0, Sync set/reset: 0
Module: DW_cntr_scnto_width2_count_to2_rst_mode0_dcod_mode0, Ports: 9, Input: 6, Output: 3, Inout: 0
Module: DW_cntr_scnto_width2_count_to2_rst_mode0_dcod_mode0, Registers: 0, Async set/reset: 0, Sync set/reset: 0
Module: DW_cntr_scnto_width2_count_to2_rst_mode0_dcod_mode0, Ports: 9, Input: 6, Output: 3, Inout: 0
Module: DW_cntr_scnto_width2_count_to2_rst_mode0_dcod_mode0, Registers: 0, Async set/reset: 0, Sync set/reset: 0
Module: DW_div_seq_a_width32_b_width32_tc_mode0_num_cyc3_rst_mode0_input_mode1_output_mode1_early_start1, Ports: 134, Input: 68, Output: 66, Inout: 0
Module: DW_div_seq_a_width32_b_width32_tc_mode0_num_cyc3_rst_mode0_input_mode1_output_mode1_early_start1, Registers: 101, Async set/reset: 101, Sync set/reset: 0
Module: DW_cntr_scnto_width2_count_to2_rst_mode0_dcod_mode0, Ports: 9, Input: 6, Output: 3, Inout: 0
Module: DW_cntr_scnto_width2_count_to2_rst_mode0_dcod_mode0, Registers: 0, Async set/reset: 0, Sync set/reset: 0
Module: DW_cntr_scnto_width2_count_to2_rst_mode0_dcod_mode0, Ports: 9, Input: 6, Output: 3, Inout: 0
Module: DW_cntr_scnto_width2_count_to2_rst_mode0_dcod_mode0, Registers: 0, Async set/reset: 0, Sync set/reset: 0
Module: DW_cntr_scnto_width2_count_to2_rst_mode0_dcod_mode0, Ports: 9, Input: 6, Output: 3, Inout: 0
Module: DW_cntr_scnto_width2_count_to2_rst_mode0_dcod_mode0, Registers: 0, Async set/reset: 0, Sync set/reset: 0
Module: DW_cntr_scnto_width2_count_to2_rst_mode0_dcod_mode0, Ports: 9, Input: 6, Output: 3, Inout: 0
Module: DW_cntr_scnto_width2_count_to2_rst_mode0_dcod_mode0, Registers: 0, Async set/reset: 0, Sync set/reset: 0
Module: DW_div_seq_a_width32_b_width32_tc_mode0_num_cyc3_rst_mode0_input_mode1_output_mode1_early_start1, Ports: 134, Input: 68, Output: 66, Inout: 0
Module: DW_div_seq_a_width32_b_width32_tc_mode0_num_cyc3_rst_mode0_input_mode1_output_mode1_early_start1, Registers: 105, Async set/reset: 105, Sync set/reset: 0
Module: DW_cntr_scnto_width2_count_to2_rst_mode0_dcod_mode0, Ports: 9, Input: 6, Output: 3, Inout: 0
Module: DW_cntr_scnto_width2_count_to2_rst_mode0_dcod_mode0, Registers: 0, Async set/reset: 0, Sync set/reset: 0
Module: DW_cntr_scnto_width2_count_to2_rst_mode0_dcod_mode0, Ports: 9, Input: 6, Output: 3, Inout: 0
Module: DW_cntr_scnto_width2_count_to2_rst_mode0_dcod_mode0, Registers: 0, Async set/reset: 0, Sync set/reset: 0
Module: DW_cntr_scnto_width2_count_to2_rst_mode0_dcod_mode0, Ports: 9, Input: 6, Output: 3, Inout: 0
Module: DW_cntr_scnto_width2_count_to2_rst_mode0_dcod_mode0, Registers: 0, Async set/reset: 0, Sync set/reset: 0
Module: DW_cntr_scnto_width2_count_to2_rst_mode0_dcod_mode0, Ports: 9, Input: 6, Output: 3, Inout: 0
Module: DW_cntr_scnto_width2_count_to2_rst_mode0_dcod_mode0, Registers: 0, Async set/reset: 0, Sync set/reset: 0
  Mapping Optimization (Phase 2)

                                  TOTAL                                                            
   ELAPSED            WORST NEG   SETUP    DESIGN                              LEAKAGE   MIN DELAY 
    TIME      AREA      SLACK     COST    RULE COST         ENDPOINT            POWER      COST    
  --------- --------- --------- --------- --------- ------------------------- --------- -----------
    0:09:35  204941.2      2.10     135.4   12387.1                           5235356.5000      0.00  
    0:09:40  204896.2      2.10     135.4   12380.6                           5234185.5000      0.00  

  Beginning Constant Register Removal
  -----------------------------------
    0:09:44  205407.7      2.70     164.3   12357.5                           5261328.0000      0.00  
    0:09:48  205407.7      2.70     164.3   12357.5                           5261328.0000      0.00  

  Beginning Global Optimizations
  ------------------------------
  Numerical Synthesis (Phase 1)
  Numerical Synthesis (Phase 2)
  Global Optimization (Phase 1)
  Global Optimization (Phase 2)
  Global Optimization (Phase 3)
  Global Optimization (Phase 4)
  Global Optimization (Phase 5)
  Global Optimization (Phase 6)
  Global Optimization (Phase 7)
  Global Optimization (Phase 8)
  Global Optimization (Phase 9)
  Global Optimization (Phase 10)
  Global Optimization (Phase 11)
  Global Optimization (Phase 12)
  Global Optimization (Phase 13)
  Global Optimization (Phase 14)
  Global Optimization (Phase 15)
  Global Optimization (Phase 16)
  Global Optimization (Phase 17)
  Global Optimization (Phase 18)
  Global Optimization (Phase 19)
  Global Optimization (Phase 20)
  Global Optimization (Phase 21)
  Global Optimization (Phase 22)
  Global Optimization (Phase 23)
  Global Optimization (Phase 24)
  Global Optimization (Phase 25)
  Global Optimization (Phase 26)
  Global Optimization (Phase 27)
  Global Optimization (Phase 28)
  Global Optimization (Phase 29)
  Global Optimization (Phase 30)

  Beginning Isolate Ports
  -----------------------

  Beginning Delay Optimization
  ----------------------------
    0:10:24  141293.2      0.00       0.0   10631.0                           2019315.6250      0.00  
    0:10:24  141293.2      0.00       0.0   10631.0                           2019315.6250      0.00  
    0:10:24  141293.2      0.00       0.0   10631.0                           2019315.6250      0.00  
    0:10:43  137832.0      0.00       0.0   11091.4                           2025751.0000      0.00  
    0:10:54  137697.4      0.00       0.0   11075.8                           2022870.2500      0.00  
    0:10:59  135522.3      0.00       0.0   11084.5                           1971848.1250      0.00  

  Beginning WLM Backend Optimization
  --------------------------------------
    0:11:23  134604.6      0.00       0.0   10762.3                           1927427.7500      0.00  
    0:11:28  134475.9      0.00       0.0   10724.9                           1922617.1250      0.00  
    0:11:28  134475.9      0.00       0.0   10724.9                           1922617.1250      0.00  
    0:11:28  134475.9      0.00       0.0   10724.9                           1922617.1250      0.00  
    0:11:28  134475.9      0.00       0.0   10724.9                           1922617.1250      0.00  
    0:11:28  134475.9      0.00       0.0   10724.9                           1922617.1250      0.00  
    0:11:33  134311.8      0.00       0.0   10659.5                           1914368.2500      0.00  
    0:11:33  134311.8      0.00       0.0   10659.5                           1914368.2500      0.00  
    0:11:33  134311.8      0.00       0.0   10659.5                           1914368.2500      0.00  
    0:11:33  134311.8      0.00       0.0   10659.5                           1914368.2500      0.00  
    0:11:33  134311.8      0.00       0.0   10659.5                           1914368.2500      0.00  
    0:11:33  134311.8      0.00       0.0   10659.5                           1914368.2500      0.00  
    0:11:33  134311.8      0.00       0.0   10659.5                           1914368.2500      0.00  
    0:11:33  134311.8      0.00       0.0   10659.5                           1914368.2500      0.00  
    0:11:33  134311.8      0.00       0.0   10659.5                           1914368.2500      0.00  
    0:11:33  134311.8      0.00       0.0   10659.5                           1914368.2500      0.00  
    0:11:33  134311.8      0.00       0.0   10659.5                           1914368.2500      0.00  
    0:11:33  134311.8      0.00       0.0   10659.5                           1914368.2500      0.00  
    0:11:33  134311.8      0.00       0.0   10659.5                           1914368.2500      0.00  
    0:11:33  134311.8      0.00       0.0   10659.5                           1914368.2500      0.00  
    0:11:33  134311.8      0.00       0.0   10659.5                           1914368.2500      0.00  
    0:11:33  134311.8      0.00       0.0   10659.5                           1914368.2500      0.00  
    0:11:33  134311.8      0.00       0.0   10659.5                           1914368.2500      0.00  
    0:11:33  134311.8      0.00       0.0   10659.5                           1914368.2500      0.00  
    0:11:33  134311.8      0.00       0.0   10659.5                           1914368.2500      0.00  


  Beginning Design Rule Fixing  (max_transition)  (max_fanout)  (max_capacitance)
  ----------------------------

                                  TOTAL                                                            
   ELAPSED            WORST NEG   SETUP    DESIGN                              LEAKAGE   MIN DELAY 
    TIME      AREA      SLACK     COST    RULE COST         ENDPOINT            POWER      COST    
  --------- --------- --------- --------- --------- ------------------------- --------- -----------
    0:11:34  134311.8      0.00       0.0   10659.5                           1914368.2500      0.00  
  Global Optimization (Phase 31)
  Global Optimization (Phase 32)
  Global Optimization (Phase 33)
    0:11:37  134708.7      0.00       0.0    7787.9 instruction_cache/data_out[692] 1924726.0000      0.00  
    0:11:38  135009.0      0.00       0.0    6172.0 instruction_cache/data_out[583] 1931023.1250      0.00  
    0:11:38  135068.8      0.00       0.0    5485.2                           1931864.2500      0.00  
    0:11:38  135068.8      0.00       0.0    5485.2                           1931864.2500      0.00  
    0:11:38  135068.8      0.00       0.0    5485.2                           1931864.2500      0.00  
    0:11:38  135068.8      0.00       0.0    5485.2                           1931864.2500      0.00  
    0:11:38  135068.8      0.00       0.0    5485.2                           1931864.2500      0.00  
    0:11:45  135061.4      0.00       0.0    5486.9                           1921957.0000      0.00  
    0:11:45  135061.4      0.00       0.0    5486.9                           1921957.0000      0.00  
    0:11:45  135061.4      0.00       0.0    5486.9                           1921957.0000      0.00  
    0:11:45  135061.4      0.00       0.0    5486.9                           1921957.0000      0.00  
    0:11:45  135061.4      0.00       0.0    5486.9                           1921957.0000      0.00  
    0:11:45  135061.4      0.00       0.0    5486.9                           1921957.0000      0.00  
    0:11:45  135061.4      0.00       0.0    5486.9                           1921957.0000      0.00  
    0:11:45  135061.4      0.00       0.0    5486.9                           1921957.0000      0.00  
    0:11:45  135061.4      0.00       0.0    5486.9                           1921957.0000      0.00  
    0:11:45  135061.4      0.00       0.0    5486.9                           1921957.0000      0.00  
    0:11:45  135061.4      0.00       0.0    5486.9                           1921957.0000      0.00  
    0:11:45  135061.4      0.00       0.0    5486.9                           1921957.0000      0.00  
    0:11:45  135061.4      0.00       0.0    5486.9                           1921957.0000      0.00  
    0:11:45  135061.4      0.00       0.0    5486.9                           1921957.0000      0.00  
    0:11:45  135061.4      0.00       0.0    5486.9                           1921957.0000      0.00  
    0:11:45  135061.4      0.00       0.0    5486.9                           1921957.0000      0.00  
    0:11:45  135061.4      0.00       0.0    5486.9                           1921957.0000      0.00  
    0:11:45  135061.4      0.00       0.0    5486.9                           1921957.0000      0.00  
    0:11:45  135061.4      0.00       0.0    5486.9                           1921957.0000      0.00  

                                  TOTAL                                                            
   ELAPSED            WORST NEG   SETUP    DESIGN                              LEAKAGE   MIN DELAY 
    TIME      AREA      SLACK     COST    RULE COST         ENDPOINT            POWER      COST    
  --------- --------- --------- --------- --------- ------------------------- --------- -----------
    0:11:51  135055.3      0.00       0.0    5486.9                           1921874.7500      0.00  
    0:11:55  134825.2      0.00       0.0    5490.1                           1916425.8750      0.00  
    0:11:55  134825.2      0.00       0.0    5490.1                           1916425.8750      0.00  
    0:11:55  134825.2      0.00       0.0    5490.1                           1916425.8750      0.00  
    0:11:59  134825.2      0.00       0.0    5490.1                           1915740.7500      0.00  
    0:12:04  134566.1      0.00       0.0    5487.9                           1912082.7500      0.00  
    0:12:07  134644.5      0.00       0.0    5085.1 instruction_cache/data_out[768] 1913741.8750      0.00  
    0:12:08  134987.2      0.00       0.0    3413.2 instruction_cache/data_out[710] 1921087.2500      0.00  
    0:12:09  135117.0      0.00       0.0    2607.9                           1924065.6250      0.00  
    0:12:09  135117.0      0.00       0.0    2607.9                           1924065.6250      0.00  
    0:12:09  135117.0      0.00       0.0    2607.9                           1924065.6250      0.00  
    0:12:09  135117.0      0.00       0.0    2607.9                           1924065.6250      0.00  
    0:12:09  135117.0      0.00       0.0    2607.9                           1924065.6250      0.00  
    0:12:09  135117.0      0.00       0.0    2607.9                           1924065.6250      0.00  
    0:12:14  135096.5      0.00       0.0    2608.4                           1923978.6250      0.00  
CPU Load: 2300%, Ram Free: 2 GB, Swap Free: 7 GB, Work Disk Free: 22 GB, Tmp Disk Free: 30 GB
Loading db file '/class/ece411/freepdk-45nm/stdcells.db'
Loading db file '/home/krysiuk2/test/20/sp25_ece411_Team_9/mp_ooo/sram/output/mp_cache_data_array/mp_cache_data_array_TT_1p0V_25C_lib.db'
Loading db file '/home/krysiuk2/test/20/sp25_ece411_Team_9/mp_ooo/sram/output/mp_cache_tag_array/mp_cache_tag_array_TT_1p0V_25C_lib.db'


Note: Symbol # after min delay cost means estimated hold TNS across all active scenarios 


  Optimization Complete
  ---------------------
Information: State dependent leakage is now switched from off to on.
Information: Propagating switching activity (low effort zero delay simulation). (PWR-6)
CPU Load: 2358%, Ram Free: 2 GB, Swap Free: 7 GB, Work Disk Free: 22 GB, Tmp Disk Free: 30 GB
Information: Total number of MV cells in the design.
----------------------------------------------------------------------------------------------------
 MV Cells                                           Total Number                                   
----------------------------------------------------------------------------------------------------
 Level Shifter:                                     0                                             
 Enable Level Shifter:                              0                                             
 Isolation Cell:                                    0                                             
 Retention Cell:                                    0                                             
 Retention Clamp Cell:                              0                                             
 Switch Cell:                                       0                                             
 Always-On Cell:                                    0                                             
 Repeater Cell:                                     0                                             

----------------------------------------------------------------------------------------------------
Unmapped MV Cells 
----------------------------------------------------------------------------------------------------
0 Isolation Cells are unmapped 
0 Retention Clamp Cells are unmapped 
----------------------------------------------------------------------------------------------------
1
for {set i 0} {$i < [getenv ECE411_COMPILE_ITER]} {incr i} {
    eval [getenv ECE411_COMPILE_CMD_INC]
}
current_design $design_toplevel
Current design is 'cpu'.
{cpu}
report_area -hier > reports/area.rpt
report_timing -delay max > reports/timing.rpt
check_design
 
****************************************
check_design summary:
Version:     W-2024.09
Date:        Thu Apr 24 17:18:05 2025
****************************************

                   Name                                            Total
--------------------------------------------------------------------------------
No issues found.
--------------------------------------------------------------------------------

1
write_file -format ddc -hierarchy -output outputs/synth.ddc
Writing ddc file 'outputs/synth.ddc'.
1
write_file -format verilog -hierarchy -output [format "outputs/%s.gate.v" $design_toplevel]
Writing verilog file '/home/krysiuk2/test/20/sp25_ece411_Team_9/mp_ooo/synth/outputs/cpu.gate.v'.
1
exit

Memory usage for this session 1911 Mbytes.
Memory usage for this session including child processes 1911 Mbytes.
CPU usage for this session 865 seconds ( 0.24 hours ).
Elapsed time for this session 885 seconds ( 0.25 hours ).

Thank you...

